# JRE version: OpenJDK Runtime Environment Zulu17.50+19-CA (17.0.11+9) (build 17.0.11+9-LTS)
# Java VM: OpenJDK 64-Bit Server VM Zulu17.50+19-CA (17.0.11+9-LTS, mixed mode, sharing, tiered, compressed oops, compressed class ptrs, g1 gc, windows-amd64)
GC Precious Log:
 CPUs: 20 total, 20 available
 Memory: 32581M
 Large Page Support: Disabled
 NUMA Support: Disabled
 Compressed Oops: Enabled (32-bit)
 Heap Region Size: 1M
 Heap Min Capacity: 256M
 Heap Initial Capacity: 256M
 Heap Max Capacity: 512M
 Pre-touch: Disabled
 Parallel Workers: 15
 Concurrent Workers: 4
 Concurrent Refinement Workers: 15
 Periodic GC: Disabled
Heap:
 garbage-first heap   total 262144K, used 136728K [0x00000000e0000000, 0x0000000100000000)
  region size 1024K, 13 young (13312K), 10 survivors (10240K)
 Metaspace       used 83860K, committed 84800K, reserved 458752K
  class space    used 11191K, committed 11648K, reserved 327680K
GC Heap History (20 events):
Event: 4.318 GC heap before
{Heap before GC invocations=6 (full 0):
 garbage-first heap   total 262144K, used 200981K [0x00000000e0000000, 0x0000000100000000)
  region size 1024K, 148 young (151552K), 11 survivors (11264K)
 Metaspace       used 50673K, committed 51136K, reserved 393216K
  class space    used 7160K, committed 7360K, reserved 327680K
}
Event: 4.323 GC heap after
{Heap after GC invocations=7 (full 0):
 garbage-first heap   total 262144K, used 68061K [0x00000000e0000000, 0x0000000100000000)
  region size 1024K, 19 young (19456K), 19 survivors (19456K)
 Metaspace       used 50673K, committed 51136K, reserved 393216K
  class space    used 7160K, committed 7360K, reserved 327680K
}
Event: 5.365 GC heap before
{Heap before GC invocations=7 (full 0):
 garbage-first heap   total 262144K, used 204253K [0x00000000e0000000, 0x0000000100000000)
  region size 1024K, 142 young (145408K), 19 survivors (19456K)
 Metaspace       used 59087K, committed 59648K, reserved 393216K
  class space    used 8446K, committed 8704K, reserved 327680K
}
Event: 5.372 GC heap after
{Heap after GC invocations=8 (full 0):
 garbage-first heap   total 262144K, used 90856K [0x00000000e0000000, 0x0000000100000000)
  region size 1024K, 12 young (12288K), 12 survivors (12288K)
 Metaspace       used 59087K, committed 59648K, reserved 393216K
  class space    used 8446K, committed 8704K, reserved 327680K
}
Event: 5.414 GC heap before
{Heap before GC invocations=8 (full 0):
 garbage-first heap   total 262144K, used 93928K [0x00000000e0000000, 0x0000000100000000)
  region size 1024K, 17 young (17408K), 12 survivors (12288K)
 Metaspace       used 59502K, committed 60096K, reserved 393216K
  class space    used 8521K, committed 8768K, reserved 327680K
}
Event: 5.418 GC heap after
{Heap after GC invocations=9 (full 0):
 garbage-first heap   total 262144K, used 91824K [0x00000000e0000000, 0x0000000100000000)
  region size 1024K, 2 young (2048K), 2 survivors (2048K)
 Metaspace       used 59502K, committed 60096K, reserved 393216K
  class space    used 8521K, committed 8768K, reserved 327680K
}
Event: 6.534 GC heap before
{Heap before GC invocations=10 (full 0):
 garbage-first heap   total 262144K, used 206512K [0x00000000e0000000, 0x0000000100000000)
  region size 1024K, 114 young (116736K), 2 survivors (2048K)
 Metaspace       used 67745K, committed 68480K, reserved 393216K
  class space    used 9535K, committed 9856K, reserved 327680K
}
Event: 6.538 GC heap after
{Heap after GC invocations=11 (full 0):
 garbage-first heap   total 262144K, used 98186K [0x00000000e0000000, 0x0000000100000000)
  region size 1024K, 8 young (8192K), 8 survivors (8192K)
 Metaspace       used 67745K, committed 68480K, reserved 393216K
  class space    used 9535K, committed 9856K, reserved 327680K
}
Event: 9.387 GC heap before
{Heap before GC invocations=11 (full 0):
 garbage-first heap   total 262144K, used 206730K [0x00000000e0000000, 0x0000000100000000)
  region size 1024K, 115 young (117760K), 8 survivors (8192K)
 Metaspace       used 74846K, committed 75520K, reserved 393216K
  class space    used 10288K, committed 10560K, reserved 327680K
}
Event: 9.392 GC heap after
{Heap after GC invocations=12 (full 0):
 garbage-first heap   total 262144K, used 106546K [0x00000000e0000000, 0x0000000100000000)
  region size 1024K, 15 young (15360K), 15 survivors (15360K)
 Metaspace       used 74846K, committed 75520K, reserved 393216K
  class space    used 10288K, committed 10560K, reserved 327680K
}
Event: 10.705 GC heap before
{Heap before GC invocations=12 (full 0):
 garbage-first heap   total 262144K, used 213042K [0x00000000e0000000, 0x0000000100000000)
  region size 1024K, 116 young (118784K), 15 survivors (15360K)
 Metaspace       used 79885K, committed 80576K, reserved 458752K
  class space    used 10845K, committed 11200K, reserved 327680K
}
Event: 10.710 GC heap after
{Heap after GC invocations=13 (full 0):
 garbage-first heap   total 262144K, used 115008K [0x00000000e0000000, 0x0000000100000000)
  region size 1024K, 13 young (13312K), 13 survivors (13312K)
 Metaspace       used 79885K, committed 80576K, reserved 458752K
  class space    used 10845K, committed 11200K, reserved 327680K
}
Event: 32.199 GC heap before
{Heap before GC invocations=13 (full 0):
 garbage-first heap   total 262144K, used 212288K [0x00000000e0000000, 0x0000000100000000)
  region size 1024K, 108 young (110592K), 13 survivors (13312K)
 Metaspace       used 82491K, committed 83392K, reserved 458752K
  class space    used 11156K, committed 11584K, reserved 327680K
}
Event: 32.204 GC heap after
{Heap after GC invocations=14 (full 0):
 garbage-first heap   total 262144K, used 121187K [0x00000000e0000000, 0x0000000100000000)
  region size 1024K, 14 young (14336K), 14 survivors (14336K)
 Metaspace       used 82491K, committed 83392K, reserved 458752K
  class space    used 11156K, committed 11584K, reserved 327680K
}
Event: 33.301 GC heap before
{Heap before GC invocations=14 (full 0):
 garbage-first heap   total 262144K, used 213347K [0x00000000e0000000, 0x0000000100000000)
  region size 1024K, 104 young (106496K), 14 survivors (14336K)
 Metaspace       used 83026K, committed 83904K, reserved 458752K
  class space    used 11160K, committed 11584K, reserved 327680K
}
Event: 33.306 GC heap after
{Heap after GC invocations=15 (full 0):
 garbage-first heap   total 262144K, used 126174K [0x00000000e0000000, 0x0000000100000000)
  region size 1024K, 12 young (12288K), 12 survivors (12288K)
 Metaspace       used 83026K, committed 83904K, reserved 458752K
  class space    used 11160K, committed 11584K, reserved 327680K
}
Event: 43.039 GC heap before
{Heap before GC invocations=15 (full 0):
 garbage-first heap   total 262144K, used 216286K [0x00000000e0000000, 0x0000000100000000)
  region size 1024K, 100 young (102400K), 12 survivors (12288K)
 Metaspace       used 83617K, committed 84544K, reserved 458752K
  class space    used 11190K, committed 11648K, reserved 327680K
}
Event: 43.043 GC heap after
{Heap after GC invocations=16 (full 0):
 garbage-first heap   total 262144K, used 131551K [0x00000000e0000000, 0x0000000100000000)
  region size 1024K, 11 young (11264K), 11 survivors (11264K)
 Metaspace       used 83617K, committed 84544K, reserved 458752K
  class space    used 11190K, committed 11648K, reserved 327680K
}
Event: 43.413 GC heap before
{Heap before GC invocations=16 (full 0):
 garbage-first heap   total 262144K, used 215519K [0x00000000e0000000, 0x0000000100000000)
  region size 1024K, 94 young (96256K), 11 survivors (11264K)
 Metaspace       used 83854K, committed 84800K, reserved 458752K
  class space    used 11191K, committed 11648K, reserved 327680K
}
Event: 43.417 GC heap after
{Heap after GC invocations=17 (full 0):
 garbage-first heap   total 262144K, used 134680K [0x00000000e0000000, 0x0000000100000000)
  region size 1024K, 10 young (10240K), 10 survivors (10240K)
 Metaspace       used 83854K, committed 84800K, reserved 458752K
  class space    used 11191K, committed 11648K, reserved 327680K
}

